0 info it worked if it ends with ok
1 verbose cli [ 'node', '/usr/local/bin/npm', 'install', 'q' ]
2 info using npm@1.4.28
3 info using node@v0.10.32
4 warn package.json TourGuides@1.0.0 No repository field.
5 warn package.json TourGuides@1.0.0 No README data
6 verbose readDependencies using package.json deps
7 verbose cache add [ 'q', null ]
8 verbose cache add name=undefined spec="q" args=["q",null]
9 verbose parsed url { protocol: null,
9 verbose parsed url   slashes: null,
9 verbose parsed url   auth: null,
9 verbose parsed url   host: null,
9 verbose parsed url   port: null,
9 verbose parsed url   hostname: null,
9 verbose parsed url   hash: null,
9 verbose parsed url   search: null,
9 verbose parsed url   query: null,
9 verbose parsed url   pathname: 'q',
9 verbose parsed url   path: 'q',
9 verbose parsed url   href: 'q' }
10 silly lockFile 22ea1c64-q q
11 verbose lock q /Users/justinhilliard/.npm/22ea1c64-q.lock
12 silly lockFile 22ea1c64-q q
13 silly lockFile 22ea1c64-q q
14 verbose addNamed [ 'q', '' ]
15 verbose addNamed [ null, '*' ]
16 silly lockFile f83edb5d-q q@
17 verbose lock q@ /Users/justinhilliard/.npm/f83edb5d-q.lock
18 silly addNameRange { name: 'q', range: '*', hasData: false }
19 verbose request where is /q
20 verbose request registry https://registry.npmjs.org/
21 verbose request id 14d588393bb9dbda
22 verbose url raw /q
23 verbose url resolving [ 'https://registry.npmjs.org/', './q' ]
24 verbose url resolved https://registry.npmjs.org/q
25 verbose request where is https://registry.npmjs.org/q
26 info trying registry request attempt 1 at 23:38:15
27 verbose etag "CVCUVNU2H11KJTDJ39K9KD86W"
28 http GET https://registry.npmjs.org/q
29 http 304 https://registry.npmjs.org/q
30 silly registry.get cb [ 304,
30 silly registry.get   { date: 'Mon, 24 Nov 2014 04:38:14 GMT',
30 silly registry.get     server: 'Apache',
30 silly registry.get     via: '1.1 varnish',
30 silly registry.get     'last-modified': 'Mon, 24 Nov 2014 04:38:14 GMT',
30 silly registry.get     'cache-control': 'max-age=60',
30 silly registry.get     etag: '"CVCUVNU2H11KJTDJ39K9KD86W"',
30 silly registry.get     age: '22',
30 silly registry.get     'x-served-by': 'cache-jfk1034-JFK',
30 silly registry.get     'x-cache': 'HIT',
30 silly registry.get     'x-cache-hits': '1',
30 silly registry.get     'x-timer': 'S1416803894.444742,VS0,VE0',
30 silly registry.get     vary: 'Accept',
30 silly registry.get     'content-length': '0',
30 silly registry.get     'keep-alive': 'timeout=10, max=50',
30 silly registry.get     connection: 'Keep-Alive' } ]
31 verbose etag https://registry.npmjs.org/q from cache
32 silly addNameRange number 2 { name: 'q', range: '*', hasData: true }
33 silly addNameRange versions [ 'q',
33 silly addNameRange   [ '0.0.0',
33 silly addNameRange     '0.0.1',
33 silly addNameRange     '0.0.2',
33 silly addNameRange     '0.0.3',
33 silly addNameRange     '0.1.0',
33 silly addNameRange     '0.1.1',
33 silly addNameRange     '0.1.2',
33 silly addNameRange     '0.1.3',
33 silly addNameRange     '0.1.4',
33 silly addNameRange     '0.1.5',
33 silly addNameRange     '0.1.6',
33 silly addNameRange     '0.1.7',
33 silly addNameRange     '0.1.8',
33 silly addNameRange     '0.1.9',
33 silly addNameRange     '0.2.0-rc1',
33 silly addNameRange     '0.2.0',
33 silly addNameRange     '0.2.1',
33 silly addNameRange     '0.2.2',
33 silly addNameRange     '0.2.3',
33 silly addNameRange     '0.2.4',
33 silly addNameRange     '0.2.5',
33 silly addNameRange     '0.2.6',
33 silly addNameRange     '0.2.7',
33 silly addNameRange     '0.2.8',
33 silly addNameRange     '0.2.9',
33 silly addNameRange     '0.3.0',
33 silly addNameRange     '0.2.10',
33 silly addNameRange     '0.4.0',
33 silly addNameRange     '0.4.1',
33 silly addNameRange     '0.4.2',
33 silly addNameRange     '0.4.4',
33 silly addNameRange     '0.5.0',
33 silly addNameRange     '0.5.1',
33 silly addNameRange     '0.5.2',
33 silly addNameRange     '0.5.3',
33 silly addNameRange     '0.6.0',
33 silly addNameRange     '0.7.0',
33 silly addNameRange     '0.7.1',
33 silly addNameRange     '0.7.2',
33 silly addNameRange     '0.8.0',
33 silly addNameRange     '0.8.1',
33 silly addNameRange     '0.8.2',
33 silly addNameRange     '0.8.3',
33 silly addNameRange     '0.8.4',
33 silly addNameRange     '0.8.5',
33 silly addNameRange     '0.8.6',
33 silly addNameRange     '0.8.7',
33 silly addNameRange     '0.8.8',
33 silly addNameRange     '0.8.9',
33 silly addNameRange     '0.8.10',
33 silly addNameRange     '0.8.11',
33 silly addNameRange     '0.8.12',
33 silly addNameRange     '0.9.0',
33 silly addNameRange     '0.9.1',
33 silly addNameRange     '0.9.2',
33 silly addNameRange     '0.9.3',
33 silly addNameRange     '0.9.4',
33 silly addNameRange     '0.9.5',
33 silly addNameRange     '0.9.6',
33 silly addNameRange     '0.9.7',
33 silly addNameRange     '1.0.0',
33 silly addNameRange     '1.0.1',
33 silly addNameRange     '2.0.0',
33 silly addNameRange     '2.0.1',
33 silly addNameRange     '2.0.2',
33 silly addNameRange     '1.1.0',
33 silly addNameRange     '1.1.1',
33 silly addNameRange     '1.1.2' ] ]
34 verbose addNamed [ 'q', '1.1.2' ]
35 verbose addNamed [ '1.1.2', '1.1.2' ]
36 silly lockFile e953b1ec-q-1-1-2 q@1.1.2
37 verbose lock q@1.1.2 /Users/justinhilliard/.npm/e953b1ec-q-1-1-2.lock
38 silly lockFile cf0717ec-registry-npmjs-org-q-q-1-1-2-tgz https://registry.npmjs.org/q/-/q-1.1.2.tgz
39 verbose lock https://registry.npmjs.org/q/-/q-1.1.2.tgz /Users/justinhilliard/.npm/cf0717ec-registry-npmjs-org-q-q-1-1-2-tgz.lock
40 verbose addRemoteTarball [ 'https://registry.npmjs.org/q/-/q-1.1.2.tgz',
40 verbose addRemoteTarball   '6357e291206701d99f197ab84e57e8ad196f2a89' ]
41 info retry fetch attempt 1 at 23:38:15
42 verbose fetch to= /var/folders/xr/2bx3fj0d59g491w2hpmdq6kh0000gn/T/npm-2689-LnbTues6/registry.npmjs.org/q/-/q-1.1.2.tgz
43 http GET https://registry.npmjs.org/q/-/q-1.1.2.tgz
44 http 200 https://registry.npmjs.org/q/-/q-1.1.2.tgz
45 silly lockFile cf0717ec-registry-npmjs-org-q-q-1-1-2-tgz https://registry.npmjs.org/q/-/q-1.1.2.tgz
46 silly lockFile cf0717ec-registry-npmjs-org-q-q-1-1-2-tgz https://registry.npmjs.org/q/-/q-1.1.2.tgz
47 silly lockFile e953b1ec-q-1-1-2 q@1.1.2
48 silly lockFile e953b1ec-q-1-1-2 q@1.1.2
49 silly lockFile f83edb5d-q q@
50 silly lockFile f83edb5d-q q@
51 error Error: EACCES, mkdir '/Users/justinhilliard/.npm/q/1.1.2'
51 error  { [Error: EACCES, mkdir '/Users/justinhilliard/.npm/q/1.1.2']
51 error   errno: 3,
51 error   code: 'EACCES',
51 error   path: '/Users/justinhilliard/.npm/q/1.1.2',
51 error   parent: 'TourGuides' }
52 error Please try running this command again as root/Administrator.
53 error System Darwin 14.0.0
54 error command "node" "/usr/local/bin/npm" "install" "q"
55 error cwd /Users/justinhilliard/Documents/2014_Fall/67328/Final_Proj
56 error node -v v0.10.32
57 error npm -v 1.4.28
58 error path /Users/justinhilliard/.npm/q/1.1.2
59 error code EACCES
60 error errno 3
61 error stack Error: EACCES, mkdir '/Users/justinhilliard/.npm/q/1.1.2'
62 verbose exit [ 3, true ]
